<?xml version="1.0" encoding="UTF-8"?>
<testsuite xmlns:xsi="http://www.w3.org/2001/XMLSchema-instance" xsi:noNamespaceSchemaLocation="https://maven.apache.org/surefire/maven-surefire-plugin/xsd/surefire-test-report-3.0.xsd" version="3.0" name="cc.synx.bizservice.BizServiceApplicationTests" time="3.837" tests="1" errors="0" skipped="0" failures="0">
  <properties>
[...]
</properties>
  <testcase name="contextLoads" classname="cc.synx.bizservice.BizServiceApplicationTests" time="1.06">
    <system-out><![CDATA[21:28:01.859 [main] INFO org.springframework.test.context.support.AnnotationConfigContextLoaderUtils -- Could not detect default configuration classes for test class [cc.synx.bizservice.BizServiceApplicationTests]: BizServiceApplicationTests does not declare any static, non-private, non-final, nested classes annotated with @Configuration.
21:28:01.979 [main] INFO org.springframework.boot.test.context.SpringBootTestContextBootstrapper -- Found @SpringBootConfiguration cc.synx.BizServiceApplication for test class cc.synx.bizservice.BizServiceApplicationTests

  .   ____          _            __ _ _
 /\\ / ___'_ __ _ _(_)_ __  __ _ \ \ \ \
( ( )\___ | '_ | '_| | '_ \/ _` | \ \ \ \
 \\/  ___)| |_)| | | | | || (_| |  ) ) ) )
  '  |____| .__|_| |_|_| |_\__, | / / / /
 =========|_|==============|___/=/_/_/_/

 :: Spring Boot ::                (v3.3.6)

2024-11-24T21:28:02.450+08:00  INFO 5040 --- [           main] c.s.b.BizServiceApplicationTests         : Starting BizServiceApplicationTests using Java 17.0.12 with PID 5040 (started by Administrator in D:\Yudou\yjs\bizService)
2024-11-24T21:28:02.452+08:00  INFO 5040 --- [           main] c.s.b.BizServiceApplicationTests         : No active profile set, falling back to 1 default profile: "default"
2024-11-24T21:28:04.427+08:00  INFO 5040 --- [           main] c.s.b.BizServiceApplicationTests         : Started BizServiceApplicationTests in 2.264 seconds (process running for 3.369)
]]></system-out>
  </testcase>
</testsuite>