<?xml version="1.0" encoding="UTF-8"?>
<testsuite xmlns:xsi="http://www.w3.org/2001/XMLSchema-instance" xsi:noNamespaceSchemaLocation="https://maven.apache.org/surefire/maven-surefire-plugin/xsd/surefire-test-report-3.0.xsd" version="3.0" name="tech.synx.arithmetic.ArithmeticApplicationTests" time="3.721" tests="1" errors="0" skipped="0" failures="0">
  <properties>
[...]
</properties>
  <testcase name="contextLoads" classname="tech.synx.arithmetic.ArithmeticApplicationTests" time="1.055">
    <system-out><![CDATA[23:35:42.643 [main] INFO org.springframework.test.context.support.AnnotationConfigContextLoaderUtils -- Could not detect default configuration classes for test class [tech.synx.arithmetic.ArithmeticApplicationTests]: ArithmeticApplicationTests does not declare any static, non-private, non-final, nested classes annotated with @Configuration.
23:35:42.801 [main] INFO org.springframework.boot.test.context.SpringBootTestContextBootstrapper -- Found @SpringBootConfiguration tech.synx.arithmetic.ArithmeticApplication for test class tech.synx.arithmetic.ArithmeticApplicationTests

  .   ____          _            __ _ _
 /\\ / ___'_ __ _ _(_)_ __  __ _ \ \ \ \
( ( )\___ | '_ | '_| | '_ \/ _` | \ \ \ \
 \\/  ___)| |_)| | | | | || (_| |  ) ) ) )
  '  |____| .__|_| |_|_| |_\__, | / / / /
 =========|_|==============|___/=/_/_/_/

 :: Spring Boot ::                (v3.3.6)

2024-11-24T23:35:43.346+08:00  INFO 5660 --- [arithmetic] [           main] t.s.a.ArithmeticApplicationTests         : Starting ArithmeticApplicationTests using Java 17.0.12 with PID 5660 (started by Administrator in D:\Yudou\yjs\arithmetic)
2024-11-24T23:35:43.347+08:00  INFO 5660 --- [arithmetic] [           main] t.s.a.ArithmeticApplicationTests         : No active profile set, falling back to 1 default profile: "default"
2024-11-24T23:35:45.083+08:00  INFO 5660 --- [arithmetic] [           main] t.s.a.ArithmeticApplicationTests         : Started ArithmeticApplicationTests in 2.083 seconds (process running for 3.938)
]]></system-out>
  </testcase>
</testsuite>